[dotenv@17.2.3] injecting env (1) from .env -- tip: Γ£à audit secrets and track compliance: https://dotenvx.com/ops
[dotenv@17.2.3] injecting env (0) from .env -- tip: ≡ƒöÉ prevent committing .env to code: https://dotenvx.com/precommit
DEBUG: DATABASE_URL is postgresql://neondb_owner:npg_qLfGR1gxcAQ3@ep-still-haze-ah79zm57-pooler.c-3.us-east-1.aws.neon.tech/neondb?sslmode=require&channel_binding=require
node : D:\livik- Proj
ects\Backend\training
-submissions-backend\
Backend\node_modules\
@prisma\client\runtim
e\client.js:66
At line:1 char:1
+ node server.js 
2>&1 | Out-File 
-Encoding UTF8 
error.log
+ ~~~~~~~~~~~~~~~~~~~
    + CategoryInfo   
           : NotSpe  
  cified: (D:\livi   
 k- Proje...me\cl    
ient.js:66:Strin    
g) [], RemoteExc    
eption
    + FullyQualified 
   ErrorId : Native  
  CommandError
 
Read more at https://
pris.ly/d/client-cons
tructor`),this.name="
PrismaClientConstruct
orValidationError"}ge
t[Symbol.toStringTag]
(){return"PrismaClien
tConstructorValidatio
nError"}};at(v,"Prism
aClientConstructorVal
idationError");var rl
=["errorFormat","adap
ter","accelerateUrl",
"log","transactionOpt
ions","omit","comment
s","__internal"],nl=[
"pretty","colorless",
"minimal"],il=["info"
,"query","warn","erro
r"],Rd={adapter:()=>{
},accelerateUrl:e=>{i
f(e!==void 
0){if(typeof 
e!="string")throw 
new v(`Invalid value 
${JSON.stringify(e)} 
for "accelerateUrl" 
provided to 
PrismaClient construc
tor.`);if(e.trim().le
ngth===0)throw new 
v('"accelerateUrl" 
provided to 
PrismaClient 
constructor must be 
a non-empty string.')
}},errorFormat:e=>{if
(e){if(typeof 
e!="string")throw 
new v(`Invalid value 
${JSON.stringify(e)} 
for "errorFormat" 
provided to 
PrismaClient construc
tor.`);if(!nl.include
s(e)){let 
t=Nt(e,nl);throw new 
v(`Invalid 
errorFormat ${e} 
provided to 
PrismaClient construc
tor.${t}`)}}},log:e=>
{if(!e)return;if(!Arr
ay.isArray(e))throw 
new v(`Invalid value 
${JSON.stringify(e)} 
for "log" provided 
to PrismaClient const
ructor.`);function 
t(r){if(typeof r=="st
ring"&&!il.includes(r
)){let 
n=Nt(r,il);throw new 
v(`Invalid log level 
"${r}" provided to 
PrismaClient construc
tor.${n}`)}}for(let 
r of e){t(r);let n={l
evel:t,emit:i=>{let o
=["stdout","event"];i
f(!o.includes(i)){let
 s=Nt(i,o);throw new 
v(`Invalid value 
${JSON.stringify(i)} 
for "emit" in 
logLevel provided to 
PrismaClient construc
tor.${s}`)}}};if(r&&t
ypeof r=="object")for
(let[i,o]of Object.en
tries(r))if(n[i])n[i]
(o);else throw new 
v(`Invalid property 
${i} for "log" 
provided to 
PrismaClient construc
tor`)}},transactionOp
tions:e=>{if(!e)retur
n;let t=e.maxWait;if(
t!=null&&t<=0)throw 
new v(`Invalid value 
${t} for maxWait in 
"transactionOptions" 
provided to 
PrismaClient 
constructor. maxWait 
needs to be greater 
than 0`);let r=e.time
out;if(r!=null&&r<=0)
throw new v(`Invalid 
value ${r} for 
timeout in 
"transactionOptions" 
provided to 
PrismaClient 
constructor. timeout 
needs to be greater 
than 0`)},omit:(e,t)=
>{if(typeof 
e!="object")throw 
new v('"omit" option 
is expected to be an 
object.');if(e===null
)throw new v('"omit" 
option can not be 
`null`');let 
r=[];for(let[n,i]of O
bject.entries(e)){let
 o=Id(n,t.runtimeData
Model);if(!o){r.push(
{kind:"UnknownModel",
modelKey:n});continue
}for(let[s,a]of Objec
t.entries(i)){let l=o
.fields.find(c=>c.nam
e===s);if(!l){r.push(
{kind:"UnknownField",
modelKey:n,fieldName:
s});continue}if(l.rel
ationName){r.push({ki
nd:"RelationInOmit",m
odelKey:n,fieldName:s
});continue}typeof a!
="boolean"&&r.push({k
ind:"InvalidFieldValu
e",modelKey:n,fieldNa
me:s})}}if(r.length>0
)throw new v(Fd(e,r))
},comments:e=>{if(e!=
=void 0){if(!Array.is
Array(e))throw new 
v(`Invalid value 
${JSON.stringify(e)} 
for "comments" 
provided to 
PrismaClient 
constructor. 
Expected an array of 
SQL commenter 
plugins.`);for(let t=
0;t<e.length;t++)if(t
ypeof e[t]!="function
")throw new 
v(`Invalid value at 
index ${t} for 
"comments" provided 
to PrismaClient 
constructor. Each 
plugin must be a func
tion.`)}},__internal:
e=>{if(!e)return;let 
t=["debug","engine","
configOverride"];if(t
ypeof 
e!="object")throw 
new v(`Invalid value 
${JSON.stringify(e)} 
for "__internal" to 
PrismaClient construc
tor`);for(let[r]of Ob
ject.entries(e))if(!t
.includes(r)){let 
n=Nt(r,t);throw new 
v(`Invalid property 
${JSON.stringify(r)} 
for "__internal" 
provided to 
PrismaClient construc
tor.${n}`)}}};functio
n kd(e){let 
t=e.adapter!==void 0,
r=e.accelerateUrl!==v
oid 0;if(t&&r)throw 
new v('The "adapter" 
and "accelerateUrl" 
options are mutually 
exclusive. Please 
provide only one of t
hem.');if(!t&&!r)thro
w new v('Using 
engine type "client" 
requires either 
"adapter" or 
"accelerateUrl" to 
be provided to 
PrismaClient construc
tor.')}function al(e,
t){for(let[r,n]of Obj
ect.entries(e)){if(!r
l.includes(r)){let 
i=Nt(r,rl);throw new 
v(`Unknown property 
${r} provided to 
PrismaClient construc
tor.${i}`)}Rd[r](n,t)
}kd(e)}function Nt(e,
t){if(t.length===0||t
ypeof e!="string")ret
urn"";let 
r=Od(e,t);return r?` 
Did you mean 
"${r}"?`:""}function 
Od(e,t){if(t.length==
=0)return null;let r=
t.map(i=>({value:i,di
stance:(0,sl.default)
(e,i)}));r.sort((i,o)
=>i.distance<o.distan
ce?-1:1);let 
n=r[0];return n.dista
nce<3?n.value:null}fu
nction 
Id(e,t){return ol(t.m
odels,e)??ol(t.types,
e)}function 
ol(e,t){let r=Object.
keys(e).find(n=>ie(n)
===t);if(r)return 
e[r]}function 
Fd(e,t){let 
r=Ne(e);for(let o of 
t)switch(o.kind){case
"UnknownModel":r.argu
ments.getField(o.mode
lKey)?.markAsError(),
r.addErrorMessage(()=
>`Unknown model 
name: ${o.modelKey}.`
);break;case"UnknownF
ield":r.arguments.get
DeepField([o.modelKey
,o.fieldName])?.markA
sError(),r.addErrorMe
ssage(()=>`Model 
"${o.modelKey}" does 
not have a field 
named "${o.fieldName}
".`);break;case"Relat
ionInOmit":r.argument
s.getDeepField([o.mod
elKey,o.fieldName])?.
markAsError(),r.addEr
rorMessage(()=>'Relat
ions are already 
excluded by default 
and can not be 
specified in "omit".'
);break;case"InvalidF
ieldValue":r.argument
s.getDeepFieldValue([
o.modelKey,o.fieldNam
e])?.markAsError(),r.
addErrorMessage(()=>"
Omit field option 
value must be a boole
an.");break}let{messa
ge:n,args:i}=er(r,"co
lorless");return`Erro
r validating "omit" 
option:
                     
                     
                     
                     
                     
                     
                     
                     
                     
                     
                     
                     
                     
                     
                     
                     
                     
                     
                     
                     
                     
                     
                     
                     
                     
                     
                     
                     
                     
                     
                     
                     
                     
                     
                     
                     
                     
                     
                     
                     
                     
                     
                     
                     
                     
                     
                     
                     
            

PrismaClientConstruct
orValidationError: 
Unknown property 
datasources provided 
to PrismaClient 
constructor.
Read more at https://
pris.ly/d/client-cons
tructor
    at al (D:\livik- 
Projects\Backend\trai
ning-submissions-back
end\Backend\node_modu
les\@prisma\client\ru
ntime\client.js:66:38
32)
    at new t 
(D:\livik- Projects\B
ackend\training-submi
ssions-backend\Backen
d\node_modules\@prism
a\client\runtime\clie
nt.js:70:1241)
    at 
Object.<anonymous> 
(D:\livik- Projects\B
ackend\training-submi
ssions-backend\Backen
d\prisma\client.js:5:
16)
    at 
Module._compile (node
:internal/modules/cjs
/loader:1688:14)
    at Object..js (no
de:internal/modules/c
js/loader:1820:10)
    at Module.load (n
ode:internal/modules/
cjs/loader:1423:32)
    at 
Function._load (node:
internal/modules/cjs/
loader:1246:12)
    at TracingChannel
.traceSync (node:diag
nostics_channel:322:1
4)
    at 
wrapModuleLoad (node:
internal/modules/cjs/
loader:235:24)
    at 
Module.require (node:
internal/modules/cjs/
loader:1445:12)

Node.js v22.18.0
